[debug] [2025-10-12T07:24:47.146Z] ----------------------------------------------------------------------
[debug] [2025-10-12T07:24:47.151Z] Command:       C:\Program Files\node.exe C:\Users\Tech store\AppData\Roaming\npm\node_modules\firebase-tools\lib\bin\firebase.js deploy --only hosting
[debug] [2025-10-12T07:24:47.152Z] CLI Version:   14.19.1
[debug] [2025-10-12T07:24:47.152Z] Platform:      win32
[debug] [2025-10-12T07:24:47.152Z] Node Version:  v22.20.0
[debug] [2025-10-12T07:24:47.153Z] Time:          Sun Oct 12 2025 10:24:47 GMT+0300 (Arabian Standard Time)
[debug] [2025-10-12T07:24:47.153Z] ----------------------------------------------------------------------
[debug] 
[debug] [2025-10-12T07:24:47.524Z] > command requires scopes: ["email","openid","https://www.googleapis.com/auth/cloudplatformprojects.readonly","https://www.googleapis.com/auth/firebase","https://www.googleapis.com/auth/cloud-platform"]
[debug] [2025-10-12T07:24:47.525Z] > authorizing via signed-in user (farouksaif980@gmail.com)
[debug] [2025-10-12T07:24:47.525Z] [iam] checking project marjan-88c6e for permissions ["firebase.projects.get","firebasehosting.sites.update"]
[debug] [2025-10-12T07:24:47.527Z] Checked if tokens are valid: true, expires at: 1760255134720
[debug] [2025-10-12T07:24:47.527Z] Checked if tokens are valid: true, expires at: 1760255134720
[debug] [2025-10-12T07:24:47.529Z] >>> [apiv2][query] POST https://cloudresourcemanager.googleapis.com/v1/projects/marjan-88c6e:testIamPermissions [none]
[debug] [2025-10-12T07:24:47.529Z] >>> [apiv2][(partial)header] POST https://cloudresourcemanager.googleapis.com/v1/projects/marjan-88c6e:testIamPermissions x-goog-quota-user=projects/marjan-88c6e
[debug] [2025-10-12T07:24:47.529Z] >>> [apiv2][body] POST https://cloudresourcemanager.googleapis.com/v1/projects/marjan-88c6e:testIamPermissions {"permissions":["firebase.projects.get","firebasehosting.sites.update"]}
[debug] [2025-10-12T07:24:47.570Z] *** [apiv2] error from fetch(https://cloudresourcemanager.googleapis.com/v1/projects/marjan-88c6e:testIamPermissions, {"headers":{},"method":"POST","body":"{\"permissions\":[\"firebase.projects.get\",\"firebasehosting.sites.update\"]}"}): FetchError: request to https://cloudresourcemanager.googleapis.com/v1/projects/marjan-88c6e:testIamPermissions failed, reason: getaddrinfo ENOTFOUND cloudresourcemanager.googleapis.com
[debug] [2025-10-12T07:24:47.570Z] [iam] error while checking permissions, command may fail: Failed to make request to https://cloudresourcemanager.googleapis.com/v1/projects/marjan-88c6e:testIamPermissions
[debug] [2025-10-12T07:24:47.571Z] Checked if tokens are valid: true, expires at: 1760255134720
[debug] [2025-10-12T07:24:47.571Z] Checked if tokens are valid: true, expires at: 1760255134720
[debug] [2025-10-12T07:24:47.572Z] >>> [apiv2][query] GET https://firebase.googleapis.com/v1beta1/projects/marjan-88c6e [none]
[debug] [2025-10-12T07:24:47.621Z] *** [apiv2] error from fetch(https://firebase.googleapis.com/v1beta1/projects/marjan-88c6e, {"headers":{},"method":"GET","signal":{}}): FetchError: request to https://firebase.googleapis.com/v1beta1/projects/marjan-88c6e failed, reason: getaddrinfo ENOTFOUND firebase.googleapis.com
[debug] [2025-10-12T07:24:47.622Z] Failed to make request to https://firebase.googleapis.com/v1beta1/projects/marjan-88c6e (original: request to https://firebase.googleapis.com/v1beta1/projects/marjan-88c6e failed, reason: getaddrinfo ENOTFOUND firebase.googleapis.com)
[error] 
[error] Error: Assertion failed: resolving hosting target of a site with no site name or target name. This should have caused an error earlier
